Determining if the pthread_create exist failed with the following output:
Change Dir: /lab/lab_ws/build/bebop_msgs/CMakeFiles/CMakeTmp

Run Build Command:"/usr/bin/make" "cmTC_dddaf/fast"
/usr/bin/make -f CMakeFiles/cmTC_dddaf.dir/build.make CMakeFiles/cmTC_dddaf.dir/build
make[1]: Entering directory '/lab/lab_ws/build/bebop_msgs/CMakeFiles/CMakeTmp'
Building C object CMakeFiles/cmTC_dddaf.dir/CheckSymbolExists.c.o
/usr/bin/cc     -o CMakeFiles/cmTC_dddaf.dir/CheckSymbolExists.c.o   -c /lab/lab_ws/build/bebop_msgs/CMakeFiles/CMakeTmp/CheckSymbolExists.c
Linking C executable cmTC_dddaf
/usr/bin/cmake -E cmake_link_script CMakeFiles/cmTC_dddaf.dir/link.txt --verbose=1
/usr/bin/cc       CMakeFiles/cmTC_dddaf.dir/CheckSymbolExists.c.o  -o cmTC_dddaf -rdynamic 
CMakeFiles/cmTC_dddaf.dir/CheckSymbolExists.c.o: In function `main':
CheckSymbolExists.c:(.text+0x16): undefined reference to `pthread_create'
collect2: error: ld returned 1 exit status
CMakeFiles/cmTC_dddaf.dir/build.make:97: recipe for target 'cmTC_dddaf' failed
make[1]: *** [cmTC_dddaf] Error 1
make[1]: Leaving directory '/lab/lab_ws/build/bebop_msgs/CMakeFiles/CMakeTmp'
Makefile:126: recipe for target 'cmTC_dddaf/fast' failed
make: *** [cmTC_dddaf/fast] Error 2

File /lab/lab_ws/build/bebop_msgs/CMakeFiles/CMakeTmp/CheckSymbolExists.c:
/* */
#include <pthread.h>

int main(int argc, char** argv)
{
  (void)argv;
#ifndef pthread_create
  return ((int*)(&pthread_create))[argc];
#else
  (void)argc;
  return 0;
#endif
}

Determining if the function pthread_create exists in the pthreads failed with the following output:
Change Dir: /lab/lab_ws/build/bebop_msgs/CMakeFiles/CMakeTmp

Run Build Command:"/usr/bin/make" "cmTC_8509c/fast"
/usr/bin/make -f CMakeFiles/cmTC_8509c.dir/build.make CMakeFiles/cmTC_8509c.dir/build
make[1]: Entering directory '/lab/lab_ws/build/bebop_msgs/CMakeFiles/CMakeTmp'
Building C object CMakeFiles/cmTC_8509c.dir/CheckFunctionExists.c.o
/usr/bin/cc    -DCHECK_FUNCTION_EXISTS=pthread_create   -o CMakeFiles/cmTC_8509c.dir/CheckFunctionExists.c.o   -c /usr/share/cmake-3.5/Modules/CheckFunctionExists.c
Linking C executable cmTC_8509c
/usr/bin/cmake -E cmake_link_script CMakeFiles/cmTC_8509c.dir/link.txt --verbose=1
/usr/bin/cc   -DCHECK_FUNCTION_EXISTS=pthread_create    CMakeFiles/cmTC_8509c.dir/CheckFunctionExists.c.o  -o cmTC_8509c -rdynamic -lpthreads 
/usr/bin/ld: cannot find -lpthreads
collect2: error: ld returned 1 exit status
CMakeFiles/cmTC_8509c.dir/build.make:97: recipe for target 'cmTC_8509c' failed
make[1]: *** [cmTC_8509c] Error 1
make[1]: Leaving directory '/lab/lab_ws/build/bebop_msgs/CMakeFiles/CMakeTmp'
Makefile:126: recipe for target 'cmTC_8509c/fast' failed
make: *** [cmTC_8509c/fast] Error 2


