Determining if the pthread_create exist failed with the following output:
Change Dir: /lab/lab_ws/build/bebop_description/CMakeFiles/CMakeTmp

Run Build Command:"/usr/bin/make" "cmTC_bab09/fast"
/usr/bin/make -f CMakeFiles/cmTC_bab09.dir/build.make CMakeFiles/cmTC_bab09.dir/build
make[1]: Entering directory '/lab/lab_ws/build/bebop_description/CMakeFiles/CMakeTmp'
Building C object CMakeFiles/cmTC_bab09.dir/CheckSymbolExists.c.o
/usr/bin/cc     -o CMakeFiles/cmTC_bab09.dir/CheckSymbolExists.c.o   -c /lab/lab_ws/build/bebop_description/CMakeFiles/CMakeTmp/CheckSymbolExists.c
Linking C executable cmTC_bab09
/usr/bin/cmake -E cmake_link_script CMakeFiles/cmTC_bab09.dir/link.txt --verbose=1
/usr/bin/cc       CMakeFiles/cmTC_bab09.dir/CheckSymbolExists.c.o  -o cmTC_bab09 -rdynamic 
CMakeFiles/cmTC_bab09.dir/CheckSymbolExists.c.o: In function `main':
CheckSymbolExists.c:(.text+0x16): undefined reference to `pthread_create'
collect2: error: ld returned 1 exit status
CMakeFiles/cmTC_bab09.dir/build.make:97: recipe for target 'cmTC_bab09' failed
make[1]: *** [cmTC_bab09] Error 1
make[1]: Leaving directory '/lab/lab_ws/build/bebop_description/CMakeFiles/CMakeTmp'
Makefile:126: recipe for target 'cmTC_bab09/fast' failed
make: *** [cmTC_bab09/fast] Error 2

File /lab/lab_ws/build/bebop_description/CMakeFiles/CMakeTmp/CheckSymbolExists.c:
/* */
#include <pthread.h>

int main(int argc, char** argv)
{
  (void)argv;
#ifndef pthread_create
  return ((int*)(&pthread_create))[argc];
#else
  (void)argc;
  return 0;
#endif
}

Determining if the function pthread_create exists in the pthreads failed with the following output:
Change Dir: /lab/lab_ws/build/bebop_description/CMakeFiles/CMakeTmp

Run Build Command:"/usr/bin/make" "cmTC_6c484/fast"
/usr/bin/make -f CMakeFiles/cmTC_6c484.dir/build.make CMakeFiles/cmTC_6c484.dir/build
make[1]: Entering directory '/lab/lab_ws/build/bebop_description/CMakeFiles/CMakeTmp'
Building C object CMakeFiles/cmTC_6c484.dir/CheckFunctionExists.c.o
/usr/bin/cc    -DCHECK_FUNCTION_EXISTS=pthread_create   -o CMakeFiles/cmTC_6c484.dir/CheckFunctionExists.c.o   -c /usr/share/cmake-3.5/Modules/CheckFunctionExists.c
Linking C executable cmTC_6c484
/usr/bin/cmake -E cmake_link_script CMakeFiles/cmTC_6c484.dir/link.txt --verbose=1
/usr/bin/cc   -DCHECK_FUNCTION_EXISTS=pthread_create    CMakeFiles/cmTC_6c484.dir/CheckFunctionExists.c.o  -o cmTC_6c484 -rdynamic -lpthreads 
/usr/bin/ld: cannot find -lpthreads
collect2: error: ld returned 1 exit status
CMakeFiles/cmTC_6c484.dir/build.make:97: recipe for target 'cmTC_6c484' failed
make[1]: *** [cmTC_6c484] Error 1
make[1]: Leaving directory '/lab/lab_ws/build/bebop_description/CMakeFiles/CMakeTmp'
Makefile:126: recipe for target 'cmTC_6c484/fast' failed
make: *** [cmTC_6c484/fast] Error 2


