Determining if the pthread_create exist failed with the following output:
Change Dir: /lab/lab_ws/build/orb_slam2_wrapper/CMakeFiles/CMakeTmp

Run Build Command:"/usr/bin/make" "cmTC_f227c/fast"
/usr/bin/make -f CMakeFiles/cmTC_f227c.dir/build.make CMakeFiles/cmTC_f227c.dir/build
make[1]: Entering directory '/lab/lab_ws/build/orb_slam2_wrapper/CMakeFiles/CMakeTmp'
Building C object CMakeFiles/cmTC_f227c.dir/CheckSymbolExists.c.o
/usr/bin/cc     -o CMakeFiles/cmTC_f227c.dir/CheckSymbolExists.c.o   -c /lab/lab_ws/build/orb_slam2_wrapper/CMakeFiles/CMakeTmp/CheckSymbolExists.c
Linking C executable cmTC_f227c
/usr/bin/cmake -E cmake_link_script CMakeFiles/cmTC_f227c.dir/link.txt --verbose=1
/usr/bin/cc       CMakeFiles/cmTC_f227c.dir/CheckSymbolExists.c.o  -o cmTC_f227c -rdynamic 
CMakeFiles/cmTC_f227c.dir/CheckSymbolExists.c.o: In function `main':
CheckSymbolExists.c:(.text+0x16): undefined reference to `pthread_create'
collect2: error: ld returned 1 exit status
CMakeFiles/cmTC_f227c.dir/build.make:97: recipe for target 'cmTC_f227c' failed
make[1]: *** [cmTC_f227c] Error 1
make[1]: Leaving directory '/lab/lab_ws/build/orb_slam2_wrapper/CMakeFiles/CMakeTmp'
Makefile:126: recipe for target 'cmTC_f227c/fast' failed
make: *** [cmTC_f227c/fast] Error 2

File /lab/lab_ws/build/orb_slam2_wrapper/CMakeFiles/CMakeTmp/CheckSymbolExists.c:
/* */
#include <pthread.h>

int main(int argc, char** argv)
{
  (void)argv;
#ifndef pthread_create
  return ((int*)(&pthread_create))[argc];
#else
  (void)argc;
  return 0;
#endif
}

Determining if the function pthread_create exists in the pthreads failed with the following output:
Change Dir: /lab/lab_ws/build/orb_slam2_wrapper/CMakeFiles/CMakeTmp

Run Build Command:"/usr/bin/make" "cmTC_80aee/fast"
/usr/bin/make -f CMakeFiles/cmTC_80aee.dir/build.make CMakeFiles/cmTC_80aee.dir/build
make[1]: Entering directory '/lab/lab_ws/build/orb_slam2_wrapper/CMakeFiles/CMakeTmp'
Building C object CMakeFiles/cmTC_80aee.dir/CheckFunctionExists.c.o
/usr/bin/cc    -DCHECK_FUNCTION_EXISTS=pthread_create   -o CMakeFiles/cmTC_80aee.dir/CheckFunctionExists.c.o   -c /usr/share/cmake-3.5/Modules/CheckFunctionExists.c
Linking C executable cmTC_80aee
/usr/bin/cmake -E cmake_link_script CMakeFiles/cmTC_80aee.dir/link.txt --verbose=1
/usr/bin/cc   -DCHECK_FUNCTION_EXISTS=pthread_create    CMakeFiles/cmTC_80aee.dir/CheckFunctionExists.c.o  -o cmTC_80aee -rdynamic -lpthreads 
/usr/bin/ld: cannot find -lpthreads
collect2: error: ld returned 1 exit status
CMakeFiles/cmTC_80aee.dir/build.make:97: recipe for target 'cmTC_80aee' failed
make[1]: *** [cmTC_80aee] Error 1
make[1]: Leaving directory '/lab/lab_ws/build/orb_slam2_wrapper/CMakeFiles/CMakeTmp'
Makefile:126: recipe for target 'cmTC_80aee/fast' failed
make: *** [cmTC_80aee/fast] Error 2


