Determining if the pthread_create exist failed with the following output:
Change Dir: /lab/lab_ws/build/crazyflie_driver/CMakeFiles/CMakeTmp

Run Build Command:"/usr/bin/make" "cmTC_5f37f/fast"
/usr/bin/make -f CMakeFiles/cmTC_5f37f.dir/build.make CMakeFiles/cmTC_5f37f.dir/build
make[1]: Entering directory '/lab/lab_ws/build/crazyflie_driver/CMakeFiles/CMakeTmp'
Building C object CMakeFiles/cmTC_5f37f.dir/CheckSymbolExists.c.o
/usr/bin/cc     -o CMakeFiles/cmTC_5f37f.dir/CheckSymbolExists.c.o   -c /lab/lab_ws/build/crazyflie_driver/CMakeFiles/CMakeTmp/CheckSymbolExists.c
Linking C executable cmTC_5f37f
/usr/bin/cmake -E cmake_link_script CMakeFiles/cmTC_5f37f.dir/link.txt --verbose=1
/usr/bin/cc       CMakeFiles/cmTC_5f37f.dir/CheckSymbolExists.c.o  -o cmTC_5f37f -rdynamic 
CMakeFiles/cmTC_5f37f.dir/CheckSymbolExists.c.o: In function `main':
CheckSymbolExists.c:(.text+0x16): undefined reference to `pthread_create'
collect2: error: ld returned 1 exit status
CMakeFiles/cmTC_5f37f.dir/build.make:97: recipe for target 'cmTC_5f37f' failed
make[1]: *** [cmTC_5f37f] Error 1
make[1]: Leaving directory '/lab/lab_ws/build/crazyflie_driver/CMakeFiles/CMakeTmp'
Makefile:126: recipe for target 'cmTC_5f37f/fast' failed
make: *** [cmTC_5f37f/fast] Error 2

File /lab/lab_ws/build/crazyflie_driver/CMakeFiles/CMakeTmp/CheckSymbolExists.c:
/* */
#include <pthread.h>

int main(int argc, char** argv)
{
  (void)argv;
#ifndef pthread_create
  return ((int*)(&pthread_create))[argc];
#else
  (void)argc;
  return 0;
#endif
}

Determining if the function pthread_create exists in the pthreads failed with the following output:
Change Dir: /lab/lab_ws/build/crazyflie_driver/CMakeFiles/CMakeTmp

Run Build Command:"/usr/bin/make" "cmTC_ba88b/fast"
/usr/bin/make -f CMakeFiles/cmTC_ba88b.dir/build.make CMakeFiles/cmTC_ba88b.dir/build
make[1]: Entering directory '/lab/lab_ws/build/crazyflie_driver/CMakeFiles/CMakeTmp'
Building C object CMakeFiles/cmTC_ba88b.dir/CheckFunctionExists.c.o
/usr/bin/cc    -DCHECK_FUNCTION_EXISTS=pthread_create   -o CMakeFiles/cmTC_ba88b.dir/CheckFunctionExists.c.o   -c /usr/share/cmake-3.5/Modules/CheckFunctionExists.c
Linking C executable cmTC_ba88b
/usr/bin/cmake -E cmake_link_script CMakeFiles/cmTC_ba88b.dir/link.txt --verbose=1
/usr/bin/cc   -DCHECK_FUNCTION_EXISTS=pthread_create    CMakeFiles/cmTC_ba88b.dir/CheckFunctionExists.c.o  -o cmTC_ba88b -rdynamic -lpthreads 
/usr/bin/ld: cannot find -lpthreads
collect2: error: ld returned 1 exit status
CMakeFiles/cmTC_ba88b.dir/build.make:97: recipe for target 'cmTC_ba88b' failed
make[1]: *** [cmTC_ba88b] Error 1
make[1]: Leaving directory '/lab/lab_ws/build/crazyflie_driver/CMakeFiles/CMakeTmp'
Makefile:126: recipe for target 'cmTC_ba88b/fast' failed
make: *** [cmTC_ba88b/fast] Error 2


