Determining if the pthread_create exist failed with the following output:
Change Dir: /lab/lab_ws/build/crazyflie_tools/CMakeFiles/CMakeTmp

Run Build Command:"/usr/bin/make" "cmTC_8af12/fast"
/usr/bin/make -f CMakeFiles/cmTC_8af12.dir/build.make CMakeFiles/cmTC_8af12.dir/build
make[1]: Entering directory '/lab/lab_ws/build/crazyflie_tools/CMakeFiles/CMakeTmp'
Building C object CMakeFiles/cmTC_8af12.dir/CheckSymbolExists.c.o
/usr/bin/cc     -o CMakeFiles/cmTC_8af12.dir/CheckSymbolExists.c.o   -c /lab/lab_ws/build/crazyflie_tools/CMakeFiles/CMakeTmp/CheckSymbolExists.c
Linking C executable cmTC_8af12
/usr/bin/cmake -E cmake_link_script CMakeFiles/cmTC_8af12.dir/link.txt --verbose=1
/usr/bin/cc       CMakeFiles/cmTC_8af12.dir/CheckSymbolExists.c.o  -o cmTC_8af12 -rdynamic 
CMakeFiles/cmTC_8af12.dir/CheckSymbolExists.c.o: In function `main':
CheckSymbolExists.c:(.text+0x16): undefined reference to `pthread_create'
collect2: error: ld returned 1 exit status
CMakeFiles/cmTC_8af12.dir/build.make:97: recipe for target 'cmTC_8af12' failed
make[1]: *** [cmTC_8af12] Error 1
make[1]: Leaving directory '/lab/lab_ws/build/crazyflie_tools/CMakeFiles/CMakeTmp'
Makefile:126: recipe for target 'cmTC_8af12/fast' failed
make: *** [cmTC_8af12/fast] Error 2

File /lab/lab_ws/build/crazyflie_tools/CMakeFiles/CMakeTmp/CheckSymbolExists.c:
/* */
#include <pthread.h>

int main(int argc, char** argv)
{
  (void)argv;
#ifndef pthread_create
  return ((int*)(&pthread_create))[argc];
#else
  (void)argc;
  return 0;
#endif
}

Determining if the function pthread_create exists in the pthreads failed with the following output:
Change Dir: /lab/lab_ws/build/crazyflie_tools/CMakeFiles/CMakeTmp

Run Build Command:"/usr/bin/make" "cmTC_bbab2/fast"
/usr/bin/make -f CMakeFiles/cmTC_bbab2.dir/build.make CMakeFiles/cmTC_bbab2.dir/build
make[1]: Entering directory '/lab/lab_ws/build/crazyflie_tools/CMakeFiles/CMakeTmp'
Building C object CMakeFiles/cmTC_bbab2.dir/CheckFunctionExists.c.o
/usr/bin/cc    -DCHECK_FUNCTION_EXISTS=pthread_create   -o CMakeFiles/cmTC_bbab2.dir/CheckFunctionExists.c.o   -c /usr/share/cmake-3.5/Modules/CheckFunctionExists.c
Linking C executable cmTC_bbab2
/usr/bin/cmake -E cmake_link_script CMakeFiles/cmTC_bbab2.dir/link.txt --verbose=1
/usr/bin/cc   -DCHECK_FUNCTION_EXISTS=pthread_create    CMakeFiles/cmTC_bbab2.dir/CheckFunctionExists.c.o  -o cmTC_bbab2 -rdynamic -lpthreads 
/usr/bin/ld: cannot find -lpthreads
collect2: error: ld returned 1 exit status
CMakeFiles/cmTC_bbab2.dir/build.make:97: recipe for target 'cmTC_bbab2' failed
make[1]: *** [cmTC_bbab2] Error 1
make[1]: Leaving directory '/lab/lab_ws/build/crazyflie_tools/CMakeFiles/CMakeTmp'
Makefile:126: recipe for target 'cmTC_bbab2/fast' failed
make: *** [cmTC_bbab2/fast] Error 2


