Determining if the pthread_create exist failed with the following output:
Change Dir: /lab/lab_ws/build/crazyflie_cpp/CMakeFiles/CMakeTmp

Run Build Command:"/usr/bin/make" "cmTC_62f8c/fast"
/usr/bin/make -f CMakeFiles/cmTC_62f8c.dir/build.make CMakeFiles/cmTC_62f8c.dir/build
make[1]: Entering directory '/lab/lab_ws/build/crazyflie_cpp/CMakeFiles/CMakeTmp'
Building C object CMakeFiles/cmTC_62f8c.dir/CheckSymbolExists.c.o
/usr/bin/cc     -o CMakeFiles/cmTC_62f8c.dir/CheckSymbolExists.c.o   -c /lab/lab_ws/build/crazyflie_cpp/CMakeFiles/CMakeTmp/CheckSymbolExists.c
Linking C executable cmTC_62f8c
/usr/bin/cmake -E cmake_link_script CMakeFiles/cmTC_62f8c.dir/link.txt --verbose=1
/usr/bin/cc       CMakeFiles/cmTC_62f8c.dir/CheckSymbolExists.c.o  -o cmTC_62f8c -rdynamic 
CMakeFiles/cmTC_62f8c.dir/CheckSymbolExists.c.o: In function `main':
CheckSymbolExists.c:(.text+0x16): undefined reference to `pthread_create'
collect2: error: ld returned 1 exit status
CMakeFiles/cmTC_62f8c.dir/build.make:97: recipe for target 'cmTC_62f8c' failed
make[1]: *** [cmTC_62f8c] Error 1
make[1]: Leaving directory '/lab/lab_ws/build/crazyflie_cpp/CMakeFiles/CMakeTmp'
Makefile:126: recipe for target 'cmTC_62f8c/fast' failed
make: *** [cmTC_62f8c/fast] Error 2

File /lab/lab_ws/build/crazyflie_cpp/CMakeFiles/CMakeTmp/CheckSymbolExists.c:
/* */
#include <pthread.h>

int main(int argc, char** argv)
{
  (void)argv;
#ifndef pthread_create
  return ((int*)(&pthread_create))[argc];
#else
  (void)argc;
  return 0;
#endif
}

Determining if the function pthread_create exists in the pthreads failed with the following output:
Change Dir: /lab/lab_ws/build/crazyflie_cpp/CMakeFiles/CMakeTmp

Run Build Command:"/usr/bin/make" "cmTC_147bd/fast"
/usr/bin/make -f CMakeFiles/cmTC_147bd.dir/build.make CMakeFiles/cmTC_147bd.dir/build
make[1]: Entering directory '/lab/lab_ws/build/crazyflie_cpp/CMakeFiles/CMakeTmp'
Building C object CMakeFiles/cmTC_147bd.dir/CheckFunctionExists.c.o
/usr/bin/cc    -DCHECK_FUNCTION_EXISTS=pthread_create   -o CMakeFiles/cmTC_147bd.dir/CheckFunctionExists.c.o   -c /usr/share/cmake-3.5/Modules/CheckFunctionExists.c
Linking C executable cmTC_147bd
/usr/bin/cmake -E cmake_link_script CMakeFiles/cmTC_147bd.dir/link.txt --verbose=1
/usr/bin/cc   -DCHECK_FUNCTION_EXISTS=pthread_create    CMakeFiles/cmTC_147bd.dir/CheckFunctionExists.c.o  -o cmTC_147bd -rdynamic -lpthreads 
/usr/bin/ld: cannot find -lpthreads
collect2: error: ld returned 1 exit status
CMakeFiles/cmTC_147bd.dir/build.make:97: recipe for target 'cmTC_147bd' failed
make[1]: *** [cmTC_147bd] Error 1
make[1]: Leaving directory '/lab/lab_ws/build/crazyflie_cpp/CMakeFiles/CMakeTmp'
Makefile:126: recipe for target 'cmTC_147bd/fast' failed
make: *** [cmTC_147bd/fast] Error 2


